Traceback (most recent call last):
  File "/Users/emanuelevivoli/miniconda3/lib/python3.7/site-packages/jupyter_cache/executors/utils.py", line 56, in single_nb_execution
    record_timing=False,
  File "/Users/emanuelevivoli/miniconda3/lib/python3.7/site-packages/nbclient/client.py", line 1204, in execute
    return NotebookClient(nb=nb, resources=resources, km=km, **kwargs).execute()
  File "/Users/emanuelevivoli/miniconda3/lib/python3.7/site-packages/nbclient/util.py", line 84, in wrapped
    return just_run(coro(*args, **kwargs))
  File "/Users/emanuelevivoli/miniconda3/lib/python3.7/site-packages/nbclient/util.py", line 62, in just_run
    return loop.run_until_complete(coro)
  File "/Users/emanuelevivoli/miniconda3/lib/python3.7/asyncio/base_events.py", line 579, in run_until_complete
    return future.result()
  File "/Users/emanuelevivoli/miniconda3/lib/python3.7/site-packages/nbclient/client.py", line 664, in async_execute
    cell, index, execution_count=self.code_cells_executed + 1
  File "/Users/emanuelevivoli/miniconda3/lib/python3.7/site-packages/nbclient/client.py", line 965, in async_execute_cell
    await self._check_raise_for_error(cell, cell_index, exec_reply)
  File "/Users/emanuelevivoli/miniconda3/lib/python3.7/site-packages/nbclient/client.py", line 862, in _check_raise_for_error
    raise CellExecutionError.from_cell_and_msg(cell, exec_reply_content)
nbclient.exceptions.CellExecutionError: An error occurred while executing the following cell:
------------------
import numpy as np

# Define the matrix of coefficients
A = np.array([[2, 3], [4, 6]])

# Define the vector of constant terms
b = np.array([6, 12])

# Solve the system of equations using the linalg.solve function
x = np.linalg.solve(A, b)

print(x)  # Output: [1. 2.]
------------------

[0;31m---------------------------------------------------------------------------[0m
[0;31mLinAlgError[0m                               Traceback (most recent call last)
[0;32m/var/folders/yw/39qgg96x2451prd0f9qrtbzr0000gn/T/ipykernel_8113/1558594933.py[0m in [0;36m<module>[0;34m[0m
[1;32m      8[0m [0;34m[0m[0m
[1;32m      9[0m [0;31m# Solve the system of equations using the linalg.solve function[0m[0;34m[0m[0;34m[0m[0;34m[0m[0m
[0;32m---> 10[0;31m [0mx[0m [0;34m=[0m [0mnp[0m[0;34m.[0m[0mlinalg[0m[0;34m.[0m[0msolve[0m[0;34m([0m[0mA[0m[0;34m,[0m [0mb[0m[0;34m)[0m[0;34m[0m[0;34m[0m[0m
[0m[1;32m     11[0m [0;34m[0m[0m
[1;32m     12[0m [0mprint[0m[0;34m([0m[0mx[0m[0;34m)[0m  [0;31m# Output: [1. 2.][0m[0;34m[0m[0;34m[0m[0m

[0;32m<__array_function__ internals>[0m in [0;36msolve[0;34m(*args, **kwargs)[0m

[0;32m~/miniconda3/lib/python3.7/site-packages/numpy/linalg/linalg.py[0m in [0;36msolve[0;34m(a, b)[0m
[1;32m    391[0m     [0msignature[0m [0;34m=[0m [0;34m'DD->D'[0m [0;32mif[0m [0misComplexType[0m[0;34m([0m[0mt[0m[0;34m)[0m [0;32melse[0m [0;34m'dd->d'[0m[0;34m[0m[0;34m[0m[0m
[1;32m    392[0m     [0mextobj[0m [0;34m=[0m [0mget_linalg_error_extobj[0m[0;34m([0m[0m_raise_linalgerror_singular[0m[0;34m)[0m[0;34m[0m[0;34m[0m[0m
[0;32m--> 393[0;31m     [0mr[0m [0;34m=[0m [0mgufunc[0m[0;34m([0m[0ma[0m[0;34m,[0m [0mb[0m[0;34m,[0m [0msignature[0m[0;34m=[0m[0msignature[0m[0;34m,[0m [0mextobj[0m[0;34m=[0m[0mextobj[0m[0;34m)[0m[0;34m[0m[0;34m[0m[0m
[0m[1;32m    394[0m [0;34m[0m[0m
[1;32m    395[0m     [0;32mreturn[0m [0mwrap[0m[0;34m([0m[0mr[0m[0;34m.[0m[0mastype[0m[0;34m([0m[0mresult_t[0m[0;34m,[0m [0mcopy[0m[0;34m=[0m[0;32mFalse[0m[0;34m)[0m[0;34m)[0m[0;34m[0m[0;34m[0m[0m

[0;32m~/miniconda3/lib/python3.7/site-packages/numpy/linalg/linalg.py[0m in [0;36m_raise_linalgerror_singular[0;34m(err, flag)[0m
[1;32m     86[0m [0;34m[0m[0m
[1;32m     87[0m [0;32mdef[0m [0m_raise_linalgerror_singular[0m[0;34m([0m[0merr[0m[0;34m,[0m [0mflag[0m[0;34m)[0m[0;34m:[0m[0;34m[0m[0;34m[0m[0m
[0;32m---> 88[0;31m     [0;32mraise[0m [0mLinAlgError[0m[0;34m([0m[0;34m"Singular matrix"[0m[0;34m)[0m[0;34m[0m[0;34m[0m[0m
[0m[1;32m     89[0m [0;34m[0m[0m
[1;32m     90[0m [0;32mdef[0m [0m_raise_linalgerror_nonposdef[0m[0;34m([0m[0merr[0m[0;34m,[0m [0mflag[0m[0;34m)[0m[0;34m:[0m[0;34m[0m[0;34m[0m[0m

[0;31mLinAlgError[0m: Singular matrix
LinAlgError: Singular matrix

